TN:
SF:src\presentation\helpers\http-reponse.js
FN:5,badRequest
FN:11,serverError
FN:16,ok
FN:22,unAuthorized
FNF:4
FNH:4
FNDA:2,badRequest
FNDA:4,serverError
FNDA:2,ok
FNDA:1,unAuthorized
DA:1,1
DA:2,1
DA:3,1
DA:4,1
DA:5,1
DA:6,2
DA:7,2
DA:8,2
DA:9,2
DA:10,2
DA:11,1
DA:12,4
DA:13,4
DA:14,4
DA:15,4
DA:16,1
DA:17,2
DA:18,2
DA:19,2
DA:20,2
DA:21,2
DA:22,1
DA:23,1
DA:24,1
DA:25,1
DA:26,1
DA:27,1
DA:28,1
LF:28
LH:28
BRDA:5,0,0,2
BRDA:11,1,0,4
BRDA:16,2,0,2
BRDA:22,3,0,1
BRF:4
BRH:4
end_of_record
TN:
SF:src\presentation\helpers\missing-param-error.js
FN:2,MissingParamError
FNF:1
FNH:1
FNDA:4,MissingParamError
DA:1,1
DA:2,1
DA:3,4
DA:4,4
DA:5,4
DA:6,1
LF:6
LH:6
BRDA:2,0,0,4
BRF:1
BRH:1
end_of_record
TN:
SF:src\presentation\helpers\unAuthorized-error.js
FN:2,unAuthorizedError
FNF:1
FNH:1
FNDA:2,unAuthorizedError
DA:1,1
DA:2,1
DA:3,2
DA:4,2
DA:5,2
DA:6,1
LF:6
LH:6
BRDA:2,0,0,2
BRF:1
BRH:1
end_of_record
TN:
SF:src\presentation\routes\login-router.js
FN:4,LoginRouter
FN:7,route
FNF:2
FNH:2
FNDA:9,LoginRouter
FNDA:9,route
DA:1,1
DA:2,1
DA:3,1
DA:4,1
DA:5,9
DA:6,9
DA:7,1
DA:8,9
DA:9,9
DA:10,9
DA:11,9
DA:12,6
DA:13,9
DA:14,4
DA:15,4
DA:16,5
DA:17,9
DA:18,1
DA:19,1
DA:20,9
DA:21,1
DA:22,1
DA:23,3
DA:24,3
DA:25,3
DA:26,9
DA:27,2
DA:28,2
DA:29,2
DA:30,1
DA:31,1
DA:32,1
LF:32
LH:32
BRDA:4,0,0,9
BRDA:7,1,0,9
BRDA:9,2,0,8
BRDA:10,3,0,7
BRDA:11,4,0,6
BRDA:13,5,0,4
BRDA:15,6,0,5
BRDA:17,7,0,1
BRDA:19,8,0,4
BRDA:20,9,0,1
BRDA:22,10,0,3
BRDA:26,11,0,1
BRDA:26,12,0,2
BRF:13
BRH:13
end_of_record
