TN:
SF:src\presentation\helpers\http-reponse.js
FN:6,badRequest
FN:12,serverError
FN:18,ok
FN:24,unAuthorized
FNF:4
FNH:4
FNDA:2,badRequest
FNDA:6,serverError
FNDA:2,ok
FNDA:1,unAuthorized
DA:1,1
DA:2,1
DA:3,1
DA:4,1
DA:5,1
DA:6,1
DA:7,2
DA:8,2
DA:9,2
DA:10,2
DA:11,2
DA:12,1
DA:13,6
DA:14,6
DA:15,6
DA:16,6
DA:17,6
DA:18,1
DA:19,2
DA:20,2
DA:21,2
DA:22,2
DA:23,2
DA:24,1
DA:25,1
DA:26,1
DA:27,1
DA:28,1
DA:29,1
DA:30,1
LF:30
LH:30
BRDA:6,0,0,2
BRDA:12,1,0,6
BRDA:18,2,0,2
BRDA:24,3,0,1
BRF:4
BRH:4
end_of_record
TN:
SF:src\presentation\helpers\missing-param-error.js
FN:2,MissingParamError
FNF:1
FNH:1
FNDA:4,MissingParamError
DA:1,1
DA:2,1
DA:3,4
DA:4,4
DA:5,4
DA:6,1
LF:6
LH:6
BRDA:2,0,0,4
BRF:1
BRH:1
end_of_record
TN:
SF:src\presentation\helpers\server-error.js
FN:2,ServerError
FNF:1
FNH:1
FNDA:6,ServerError
DA:1,1
DA:2,1
DA:3,6
DA:4,6
DA:5,6
DA:6,1
DA:7,1
DA:8,1
LF:8
LH:8
BRDA:2,0,0,6
BRF:1
BRH:1
end_of_record
TN:
SF:src\presentation\helpers\unAuthorized-error.js
FN:2,unAuthorizedError
FNF:1
FNH:1
FNDA:2,unAuthorizedError
DA:1,1
DA:2,1
DA:3,2
DA:4,2
DA:5,2
DA:6,1
LF:6
LH:6
BRDA:2,0,0,2
BRF:1
BRH:1
end_of_record
TN:
SF:src\presentation\routes\login-router.js
FN:4,LoginRouter
FN:7,route
FNF:2
FNH:2
FNDA:11,LoginRouter
FNDA:11,route
DA:1,1
DA:2,1
DA:3,1
DA:4,1
DA:5,11
DA:6,11
DA:7,1
DA:8,11
DA:9,11
DA:10,11
DA:11,1
DA:12,1
DA:13,11
DA:14,1
DA:15,1
DA:16,7
DA:17,3
DA:18,3
DA:19,11
DA:20,2
DA:21,2
DA:22,11
DA:23,6
DA:24,6
DA:25,11
DA:26,11
DA:27,1
DA:28,1
DA:29,1
LF:29
LH:29
BRDA:4,0,0,11
BRDA:7,1,0,11
BRDA:10,2,0,1
BRDA:12,3,0,8
BRDA:13,4,0,1
BRDA:15,5,0,7
BRDA:16,6,0,3
BRDA:19,7,0,1
BRDA:19,8,0,2
BRDA:22,9,0,6
BRF:10
BRH:10
end_of_record
